# JRE version: OpenJDK Runtime Environment Corretto-19.0.2.7.1 (19.0.2+7) (build 19.0.2+7-FR)
# Java VM: OpenJDK 64-Bit Server VM Corretto-19.0.2.7.1 (19.0.2+7-FR, mixed mode, emulated-client, sharing, tiered, compressed oops, compressed class ptrs, g1 gc, windows-amd64)
GC Precious Log:
 CardTable entry size: 512
 Card Set container configuration: InlinePtr #cards 5 size 8 Array Of Cards #cards 12 size 40 Howl #buckets 4 coarsen threshold 1843 Howl Bitmap #cards 512 size 80 coarsen threshold 460 Card regions per heap region 1 cards per card region 2048
 CPUs: 8 total, 8 available
 Memory: 3889M
 Large Page Support: Disabled
 NUMA Support: Disabled
 Compressed Oops: Enabled (32-bit)
 Heap Region Size: 1M
 Heap Min Capacity: 8M
 Heap Initial Capacity: 62M
 Heap Max Capacity: 974M
 Pre-touch: Disabled
 Parallel Workers: 8
 Concurrent Workers: 2
 Concurrent Refinement Workers: 8
 Periodic GC: Disabled
Heap:
 garbage-first heap   total 124928K, used 68809K [0x00000000c3200000, 0x0000000100000000)
  region size 1024K, 31 young (31744K), 2 survivors (2048K)
 Metaspace       used 69449K, committed 70144K, reserved 1114112K
  class space    used 9719K, committed 10048K, reserved 1048576K
GC Heap History (20 events):
Event: 5.559 GC heap before
{Heap before GC invocations=8 (full 0):
 garbage-first heap   total 70656K, used 48813K [0x00000000c3200000, 0x0000000100000000)
  region size 1024K, 32 young (32768K), 1 survivors (1024K)
 Metaspace       used 27202K, committed 27648K, reserved 1114112K
  class space    used 3679K, committed 3904K, reserved 1048576K
}
Event: 5.566 GC heap after
{Heap after GC invocations=9 (full 0):
 garbage-first heap   total 70656K, used 19543K [0x00000000c3200000, 0x0000000100000000)
  region size 1024K, 2 young (2048K), 2 survivors (2048K)
 Metaspace       used 27202K, committed 27648K, reserved 1114112K
  class space    used 3679K, committed 3904K, reserved 1048576K
}
Event: 6.809 GC heap before
{Heap before GC invocations=9 (full 0):
 garbage-first heap   total 70656K, used 51287K [0x00000000c3200000, 0x0000000100000000)
  region size 1024K, 33 young (33792K), 2 survivors (2048K)
 Metaspace       used 31642K, committed 32192K, reserved 1114112K
  class space    used 4336K, committed 4608K, reserved 1048576K
}
Event: 6.814 GC heap after
{Heap after GC invocations=10 (full 0):
 garbage-first heap   total 70656K, used 22515K [0x00000000c3200000, 0x0000000100000000)
  region size 1024K, 5 young (5120K), 5 survivors (5120K)
 Metaspace       used 31642K, committed 32192K, reserved 1114112K
  class space    used 4336K, committed 4608K, reserved 1048576K
}
Event: 7.098 GC heap before
{Heap before GC invocations=10 (full 0):
 garbage-first heap   total 70656K, used 57331K [0x00000000c3200000, 0x0000000100000000)
  region size 1024K, 34 young (34816K), 5 survivors (5120K)
 Metaspace       used 34136K, committed 34688K, reserved 1114112K
  class space    used 4601K, committed 4800K, reserved 1048576K
}
Event: 7.105 GC heap after
{Heap after GC invocations=11 (full 0):
 garbage-first heap   total 70656K, used 26218K [0x00000000c3200000, 0x0000000100000000)
  region size 1024K, 4 young (4096K), 4 survivors (4096K)
 Metaspace       used 34136K, committed 34688K, reserved 1114112K
  class space    used 4601K, committed 4800K, reserved 1048576K
}
Event: 7.226 GC heap before
{Heap before GC invocations=11 (full 0):
 garbage-first heap   total 70656K, used 35434K [0x00000000c3200000, 0x0000000100000000)
  region size 1024K, 14 young (14336K), 4 survivors (4096K)
 Metaspace       used 35415K, committed 35968K, reserved 1114112K
  class space    used 4776K, committed 5056K, reserved 1048576K
}
Event: 7.229 GC heap after
{Heap after GC invocations=12 (full 0):
 garbage-first heap   total 70656K, used 27149K [0x00000000c3200000, 0x0000000100000000)
  region size 1024K, 1 young (1024K), 1 survivors (1024K)
 Metaspace       used 35415K, committed 35968K, reserved 1114112K
  class space    used 4776K, committed 5056K, reserved 1048576K
}
Event: 8.355 GC heap before
{Heap before GC invocations=13 (full 0):
 garbage-first heap   total 70656K, used 53773K [0x00000000c3200000, 0x0000000100000000)
  region size 1024K, 27 young (27648K), 1 survivors (1024K)
 Metaspace       used 43031K, committed 43712K, reserved 1114112K
  class space    used 5839K, committed 6144K, reserved 1048576K
}
Event: 8.358 GC heap after
{Heap after GC invocations=14 (full 0):
 garbage-first heap   total 124928K, used 28360K [0x00000000c3200000, 0x0000000100000000)
  region size 1024K, 2 young (2048K), 2 survivors (2048K)
 Metaspace       used 43031K, committed 43712K, reserved 1114112K
  class space    used 5839K, committed 6144K, reserved 1048576K
}
Event: 8.495 GC heap before
{Heap before GC invocations=14 (full 0):
 garbage-first heap   total 124928K, used 32456K [0x00000000c3200000, 0x0000000100000000)
  region size 1024K, 6 young (6144K), 2 survivors (2048K)
 Metaspace       used 44133K, committed 44736K, reserved 1114112K
  class space    used 5999K, committed 6272K, reserved 1048576K
}
Event: 8.499 GC heap after
{Heap after GC invocations=15 (full 0):
 garbage-first heap   total 124928K, used 28349K [0x00000000c3200000, 0x0000000100000000)
  region size 1024K, 1 young (1024K), 1 survivors (1024K)
 Metaspace       used 44133K, committed 44736K, reserved 1114112K
  class space    used 5999K, committed 6272K, reserved 1048576K
}
Event: 11.410 GC heap before
{Heap before GC invocations=15 (full 0):
 garbage-first heap   total 124928K, used 93885K [0x00000000c3200000, 0x0000000100000000)
  region size 1024K, 66 young (67584K), 1 survivors (1024K)
 Metaspace       used 59526K, committed 60224K, reserved 1114112K
  class space    used 8248K, committed 8576K, reserved 1048576K
}
Event: 11.414 GC heap after
{Heap after GC invocations=16 (full 0):
 garbage-first heap   total 124928K, used 31991K [0x00000000c3200000, 0x0000000100000000)
  region size 1024K, 5 young (5120K), 5 survivors (5120K)
 Metaspace       used 59526K, committed 60224K, reserved 1114112K
  class space    used 8248K, committed 8576K, reserved 1048576K
}
Event: 11.448 GC heap before
{Heap before GC invocations=16 (full 0):
 garbage-first heap   total 124928K, used 33015K [0x00000000c3200000, 0x0000000100000000)
  region size 1024K, 7 young (7168K), 5 survivors (5120K)
 Metaspace       used 59790K, committed 60480K, reserved 1114112K
  class space    used 8273K, committed 8640K, reserved 1048576K
}
Event: 11.471 GC heap after
{Heap after GC invocations=17 (full 0):
 garbage-first heap   total 124928K, used 32318K [0x00000000c3200000, 0x0000000100000000)
  region size 1024K, 5 young (5120K), 5 survivors (5120K)
 Metaspace       used 59790K, committed 60480K, reserved 1114112K
  class space    used 8273K, committed 8640K, reserved 1048576K
}
Event: 15.299 GC heap before
{Heap before GC invocations=18 (full 0):
 garbage-first heap   total 124928K, used 95806K [0x00000000c3200000, 0x0000000100000000)
  region size 1024K, 67 young (68608K), 5 survivors (5120K)
 Metaspace       used 65830K, committed 66560K, reserved 1114112K
  class space    used 9232K, committed 9600K, reserved 1048576K
}
Event: 15.324 GC heap after
{Heap after GC invocations=19 (full 0):
 garbage-first heap   total 124928K, used 40049K [0x00000000c3200000, 0x0000000100000000)
  region size 1024K, 9 young (9216K), 9 survivors (9216K)
 Metaspace       used 65830K, committed 66560K, reserved 1114112K
  class space    used 9232K, committed 9600K, reserved 1048576K
}
Event: 15.402 GC heap before
{Heap before GC invocations=19 (full 0):
 garbage-first heap   total 124928K, used 41073K [0x00000000c3200000, 0x0000000100000000)
  region size 1024K, 10 young (10240K), 9 survivors (9216K)
 Metaspace       used 65843K, committed 66624K, reserved 1114112K
  class space    used 9235K, committed 9600K, reserved 1048576K
}
Event: 15.453 GC heap after
{Heap after GC invocations=20 (full 0):
 garbage-first heap   total 124928K, used 40137K [0x00000000c3200000, 0x0000000100000000)
  region size 1024K, 2 young (2048K), 2 survivors (2048K)
 Metaspace       used 65843K, committed 66624K, reserved 1114112K
  class space    used 9235K, committed 9600K, reserved 1048576K
}

